# JRE version: Java(TM) SE Runtime Environment (8.0_60-b27) (build 1.8.0_60-b27)
# Java VM: Java HotSpot(TM) 64-Bit Server VM (25.60-b23 mixed mode windows-amd64 compressed oops)
Heap:
 PSYoungGen      total 39936K, used 7387K [0x00000000eb700000, 0x00000000ef280000, 0x0000000100000000)
  eden space 33280K, 13% used [0x00000000eb700000,0x00000000ebb86ec0,0x00000000ed780000)
  from space 6656K, 41% used [0x00000000ed780000,0x00000000eda30000,0x00000000ede00000)
  to   space 6656K, 0% used [0x00000000eec00000,0x00000000eec00000,0x00000000ef280000)
 ParOldGen       total 30208K, used 9505K [0x00000000c2400000, 0x00000000c4180000, 0x00000000eb700000)
  object space 30208K, 31% used [0x00000000c2400000,0x00000000c2d484c0,0x00000000c4180000)
 Metaspace       used 26528K, capacity 26944K, committed 27136K, reserved 1073152K
  class space    used 3673K, capacity 3791K, committed 3840K, reserved 1048576K
GC Heap History (10 events):
Event: 29.092 GC heap before
{Heap before GC invocations=10 (full 1):
 PSYoungGen      total 21504K, used 2616K [0x00000000eb700000, 0x00000000edb80000, 0x0000000100000000)
  eden space 14848K, 0% used [0x00000000eb700000,0x00000000eb700000,0x00000000ec580000)
  from space 6656K, 39% used [0x00000000ec580000,0x00000000ec80e170,0x00000000ecc00000)
  to   space 6656K, 0% used [0x00000000ed500000,0x00000000ed500000,0x00000000edb80000)
 ParOldGen       total 42496K, used 9731K [0x00000000c2400000, 0x00000000c4d80000, 0x00000000eb700000)
  object space 42496K, 22% used [0x00000000c2400000,0x00000000c2d80e48,0x00000000c4d80000)
 Metaspace       used 20913K, capacity 21156K, committed 21296K, reserved 1067008K
  class space    used 2869K, capacity 2935K, committed 2944K, reserved 1048576K
Event: 29.184 GC heap after
Heap after GC invocations=10 (full 1):
 PSYoungGen      total 21504K, used 0K [0x00000000eb700000, 0x00000000edb80000, 0x0000000100000000)
  eden space 14848K, 0% used [0x00000000eb700000,0x00000000eb700000,0x00000000ec580000)
  from space 6656K, 0% used [0x00000000ec580000,0x00000000ec580000,0x00000000ecc00000)
  to   space 6656K, 0% used [0x00000000ed500000,0x00000000ed500000,0x00000000edb80000)
 ParOldGen       total 30208K, used 7877K [0x00000000c2400000, 0x00000000c4180000, 0x00000000eb700000)
  object space 30208K, 26% used [0x00000000c2400000,0x00000000c2bb14a0,0x00000000c4180000)
 Metaspace       used 20913K, capacity 21156K, committed 21296K, reserved 1067008K
  class space    used 2869K, capacity 2935K, committed 2944K, reserved 1048576K
}
Event: 29.926 GC heap before
{Heap before GC invocations=11 (full 1):
 PSYoungGen      total 21504K, used 14848K [0x00000000eb700000, 0x00000000edb80000, 0x0000000100000000)
  eden space 14848K, 100% used [0x00000000eb700000,0x00000000ec580000,0x00000000ec580000)
  from space 6656K, 0% used [0x00000000ec580000,0x00000000ec580000,0x00000000ecc00000)
  to   space 6656K, 0% used [0x00000000ed500000,0x00000000ed500000,0x00000000edb80000)
 ParOldGen       total 30208K, used 7877K [0x00000000c2400000, 0x00000000c4180000, 0x00000000eb700000)
  object space 30208K, 26% used [0x00000000c2400000,0x00000000c2bb14a0,0x00000000c4180000)
 Metaspace       used 21873K, capacity 22164K, committed 22400K, reserved 1069056K
  class space    used 3018K, capacity 3098K, committed 3200K, reserved 1048576K
Event: 29.933 GC heap after
Heap after GC invocations=11 (full 1):
 PSYoungGen      total 28672K, used 1616K [0x00000000eb700000, 0x00000000edb00000, 0x0000000100000000)
  eden space 22528K, 0% used [0x00000000eb700000,0x00000000eb700000,0x00000000ecd00000)
  from space 6144K, 26% used [0x00000000ed500000,0x00000000ed6941e0,0x00000000edb00000)
  to   space 7168K, 0% used [0x00000000ecd00000,0x00000000ecd00000,0x00000000ed400000)
 ParOldGen       total 30208K, used 7877K [0x00000000c2400000, 0x00000000c4180000, 0x00000000eb700000)
  object space 30208K, 26% used [0x00000000c2400000,0x00000000c2bb14a0,0x00000000c4180000)
 Metaspace       used 21873K, capacity 22164K, committed 22400K, reserved 1069056K
  class space    used 3018K, capacity 3098K, committed 3200K, reserved 1048576K
}
Event: 30.864 GC heap before
{Heap before GC invocations=12 (full 1):
 PSYoungGen      total 28672K, used 24144K [0x00000000eb700000, 0x00000000edb00000, 0x0000000100000000)
  eden space 22528K, 100% used [0x00000000eb700000,0x00000000ecd00000,0x00000000ecd00000)
  from space 6144K, 26% used [0x00000000ed500000,0x00000000ed6941e0,0x00000000edb00000)
  to   space 7168K, 0% used [0x00000000ecd00000,0x00000000ecd00000,0x00000000ed400000)
 ParOldGen       total 30208K, used 7877K [0x00000000c2400000, 0x00000000c4180000, 0x00000000eb700000)
  object space 30208K, 26% used [0x00000000c2400000,0x00000000c2bb14a0,0x00000000c4180000)
 Metaspace       used 23728K, capacity 23994K, committed 24192K, reserved 1071104K
  class space    used 3330K, capacity 3451K, committed 3456K, reserved 1048576K
Event: 30.869 GC heap after
Heap after GC invocations=12 (full 1):
 PSYoungGen      total 29696K, used 2227K [0x00000000eb700000, 0x00000000ee580000, 0x0000000100000000)
  eden space 22528K, 0% used [0x00000000eb700000,0x00000000eb700000,0x00000000ecd00000)
  from space 7168K, 31% used [0x00000000ecd00000,0x00000000ecf2cc08,0x00000000ed400000)
  to   space 7168K, 0% used [0x00000000ede80000,0x00000000ede80000,0x00000000ee580000)
 ParOldGen       total 30208K, used 8625K [0x00000000c2400000, 0x00000000c4180000, 0x00000000eb700000)
  object space 30208K, 28% used [0x00000000c2400000,0x00000000c2c6c4b0,0x00000000c4180000)
 Metaspace       used 23728K, capacity 23994K, committed 24192K, reserved 1071104K
  class space    used 3330K, capacity 3451K, committed 3456K, reserved 1048576K
}
Event: 31.652 GC heap before
{Heap before GC invocations=13 (full 1):
 PSYoungGen      total 29696K, used 24755K [0x00000000eb700000, 0x00000000ee580000, 0x0000000100000000)
  eden space 22528K, 100% used [0x00000000eb700000,0x00000000ecd00000,0x00000000ecd00000)
  from space 7168K, 31% used [0x00000000ecd00000,0x00000000ecf2cc08,0x00000000ed400000)
  to   space 7168K, 0% used [0x00000000ede80000,0x00000000ede80000,0x00000000ee580000)
 ParOldGen       total 30208K, used 8625K [0x00000000c2400000, 0x00000000c4180000, 0x00000000eb700000)
  object space 30208K, 28% used [0x00000000c2400000,0x00000000c2c6c4b0,0x00000000c4180000)
 Metaspace       used 25724K, capacity 26060K, committed 26368K, reserved 1071104K
  class space    used 3617K, capacity 3716K, committed 3840K, reserved 1048576K
Event: 31.657 GC heap after
Heap after GC invocations=13 (full 1):
 PSYoungGen      total 39424K, used 2225K [0x00000000eb700000, 0x00000000ee480000, 0x0000000100000000)
  eden space 33280K, 0% used [0x00000000eb700000,0x00000000eb700000,0x00000000ed780000)
  from space 6144K, 36% used [0x00000000ede80000,0x00000000ee0ac720,0x00000000ee480000)
  to   space 6656K, 0% used [0x00000000ed780000,0x00000000ed780000,0x00000000ede00000)
 ParOldGen       total 30208K, used 9097K [0x00000000c2400000, 0x00000000c4180000, 0x00000000eb700000)
  object space 30208K, 30% used [0x00000000c2400000,0x00000000c2ce24b0,0x00000000c4180000)
 Metaspace       used 25724K, capacity 26060K, committed 26368K, reserved 1071104K
  class space    used 3617K, capacity 3716K, committed 3840K, reserved 1048576K
}
Event: 38.576 GC heap before
{Heap before GC invocations=14 (full 1):
 PSYoungGen      total 39424K, used 35505K [0x00000000eb700000, 0x00000000ee480000, 0x0000000100000000)
  eden space 33280K, 100% used [0x00000000eb700000,0x00000000ed780000,0x00000000ed780000)
  from space 6144K, 36% used [0x00000000ede80000,0x00000000ee0ac720,0x00000000ee480000)
  to   space 6656K, 0% used [0x00000000ed780000,0x00000000ed780000,0x00000000ede00000)
 ParOldGen       total 30208K, used 9097K [0x00000000c2400000, 0x00000000c4180000, 0x00000000eb700000)
  object space 30208K, 30% used [0x00000000c2400000,0x00000000c2ce24b0,0x00000000c4180000)
 Metaspace       used 26498K, capacity 26906K, committed 27136K, reserved 1073152K
  class space    used 3670K, capacity 3758K, committed 3840K, reserved 1048576K
Event: 38.584 GC heap after
Heap after GC invocations=14 (full 1):
 PSYoungGen      total 39936K, used 2752K [0x00000000eb700000, 0x00000000ef280000, 0x0000000100000000)
  eden space 33280K, 0% used [0x00000000eb700000,0x00000000eb700000,0x00000000ed780000)
  from space 6656K, 41% used [0x00000000ed780000,0x00000000eda30000,0x00000000ede00000)
  to   space 6656K, 0% used [0x00000000eec00000,0x00000000eec00000,0x00000000ef280000)
 ParOldGen       total 30208K, used 9505K [0x00000000c2400000, 0x00000000c4180000, 0x00000000eb700000)
  object space 30208K, 31% used [0x00000000c2400000,0x00000000c2d484c0,0x00000000c4180000)
 Metaspace       used 26498K, capacity 26906K, committed 27136K, reserved 1073152K
  class space    used 3670K, capacity 3758K, committed 3840K, reserved 1048576K
}

