# JRE version: Java(TM) SE Runtime Environment (8.0_60-b27) (build 1.8.0_60-b27)
# Java VM: Java HotSpot(TM) 64-Bit Server VM (25.60-b23 mixed mode windows-amd64 compressed oops)
Heap:
 PSYoungGen      total 51712K, used 8932K [0x00000000eb700000, 0x00000000f0000000, 0x0000000100000000)
  eden space 44544K, 20% used [0x00000000eb700000,0x00000000ebfb9240,0x00000000ee280000)
  from space 7168K, 0% used [0x00000000ee280000,0x00000000ee280000,0x00000000ee980000)
  to   space 7168K, 0% used [0x00000000ef900000,0x00000000ef900000,0x00000000f0000000)
 ParOldGen       total 48128K, used 19130K [0x00000000c2400000, 0x00000000c5300000, 0x00000000eb700000)
  object space 48128K, 39% used [0x00000000c2400000,0x00000000c36aebf0,0x00000000c5300000)
 Metaspace       used 35024K, capacity 35618K, committed 35840K, reserved 1079296K
  class space    used 4787K, capacity 5020K, committed 5120K, reserved 1048576K
GC Heap History (10 events):
Event: 41.553 GC heap before
{Heap before GC invocations=15 (full 1):
 PSYoungGen      total 38400K, used 34304K [0x00000000eb700000, 0x00000000eef80000, 0x0000000100000000)
  eden space 31744K, 100% used [0x00000000eb700000,0x00000000ed600000,0x00000000ed600000)
  from space 6656K, 38% used [0x00000000ed600000,0x00000000ed880000,0x00000000edc80000)
  to   space 6656K, 0% used [0x00000000ee900000,0x00000000ee900000,0x00000000eef80000)
 ParOldGen       total 31232K, used 9450K [0x00000000c2400000, 0x00000000c4280000, 0x00000000eb700000)
  object space 31232K, 30% used [0x00000000c2400000,0x00000000c2d3a8e8,0x00000000c4280000)
 Metaspace       used 30501K, capacity 30984K, committed 31360K, reserved 1077248K
  class space    used 4176K, capacity 4377K, committed 4480K, reserved 1048576K
Event: 41.562 GC heap after
Heap after GC invocations=15 (full 1):
 PSYoungGen      total 35328K, used 3962K [0x00000000eb700000, 0x00000000eed00000, 0x0000000100000000)
  eden space 31232K, 0% used [0x00000000eb700000,0x00000000eb700000,0x00000000ed580000)
  from space 4096K, 96% used [0x00000000ee900000,0x00000000eecdeac8,0x00000000eed00000)
  to   space 6656K, 0% used [0x00000000ee000000,0x00000000ee000000,0x00000000ee680000)
 ParOldGen       total 31232K, used 11514K [0x00000000c2400000, 0x00000000c4280000, 0x00000000eb700000)
  object space 31232K, 36% used [0x00000000c2400000,0x00000000c2f3e908,0x00000000c4280000)
 Metaspace       used 30501K, capacity 30984K, committed 31360K, reserved 1077248K
  class space    used 4176K, capacity 4377K, committed 4480K, reserved 1048576K
}
Event: 42.323 GC heap before
{Heap before GC invocations=16 (full 1):
 PSYoungGen      total 35328K, used 35194K [0x00000000eb700000, 0x00000000eed00000, 0x0000000100000000)
  eden space 31232K, 100% used [0x00000000eb700000,0x00000000ed580000,0x00000000ed580000)
  from space 4096K, 96% used [0x00000000ee900000,0x00000000eecdeac8,0x00000000eed00000)
  to   space 6656K, 0% used [0x00000000ee000000,0x00000000ee000000,0x00000000ee680000)
 ParOldGen       total 31232K, used 11514K [0x00000000c2400000, 0x00000000c4280000, 0x00000000eb700000)
  object space 31232K, 36% used [0x00000000c2400000,0x00000000c2f3e908,0x00000000c4280000)
 Metaspace       used 31532K, capacity 32040K, committed 32128K, reserved 1077248K
  class space    used 4303K, capacity 4473K, committed 4480K, reserved 1048576K
Event: 42.337 GC heap after
Heap after GC invocations=16 (full 1):
 PSYoungGen      total 48640K, used 1950K [0x00000000eb700000, 0x00000000ef000000, 0x0000000100000000)
  eden space 41984K, 0% used [0x00000000eb700000,0x00000000eb700000,0x00000000ee000000)
  from space 6656K, 29% used [0x00000000ee000000,0x00000000ee1e7980,0x00000000ee680000)
  to   space 6656K, 0% used [0x00000000ee980000,0x00000000ee980000,0x00000000ef000000)
 ParOldGen       total 31232K, used 12841K [0x00000000c2400000, 0x00000000c4280000, 0x00000000eb700000)
  object space 31232K, 41% used [0x00000000c2400000,0x00000000c308a6d0,0x00000000c4280000)
 Metaspace       used 31532K, capacity 32040K, committed 32128K, reserved 1077248K
  class space    used 4303K, capacity 4473K, committed 4480K, reserved 1048576K
}
Event: 43.951 GC heap before
{Heap before GC invocations=17 (full 1):
 PSYoungGen      total 48640K, used 43934K [0x00000000eb700000, 0x00000000ef000000, 0x0000000100000000)
  eden space 41984K, 100% used [0x00000000eb700000,0x00000000ee000000,0x00000000ee000000)
  from space 6656K, 29% used [0x00000000ee000000,0x00000000ee1e7980,0x00000000ee680000)
  to   space 6656K, 0% used [0x00000000ee980000,0x00000000ee980000,0x00000000ef000000)
 ParOldGen       total 31232K, used 12841K [0x00000000c2400000, 0x00000000c4280000, 0x00000000eb700000)
  object space 31232K, 41% used [0x00000000c2400000,0x00000000c308a6d0,0x00000000c4280000)
 Metaspace       used 34475K, capacity 34932K, committed 35072K, reserved 1079296K
  class space    used 4696K, capacity 4854K, committed 4864K, reserved 1048576K
Event: 43.965 GC heap after
Heap after GC invocations=17 (full 1):
 PSYoungGen      total 51200K, used 5991K [0x00000000eb700000, 0x00000000f0000000, 0x0000000100000000)
  eden space 44544K, 0% used [0x00000000eb700000,0x00000000eb700000,0x00000000ee280000)
  from space 6656K, 90% used [0x00000000ee980000,0x00000000eef59f68,0x00000000ef000000)
  to   space 7168K, 0% used [0x00000000ee280000,0x00000000ee280000,0x00000000ee980000)
 ParOldGen       total 31232K, used 14105K [0x00000000c2400000, 0x00000000c4280000, 0x00000000eb700000)
  object space 31232K, 45% used [0x00000000c2400000,0x00000000c31c66d0,0x00000000c4280000)
 Metaspace       used 34475K, capacity 34932K, committed 35072K, reserved 1079296K
  class space    used 4696K, capacity 4854K, committed 4864K, reserved 1048576K
}
Event: 44.309 GC heap before
{Heap before GC invocations=18 (full 1):
 PSYoungGen      total 51200K, used 23777K [0x00000000eb700000, 0x00000000f0000000, 0x0000000100000000)
  eden space 44544K, 39% used [0x00000000eb700000,0x00000000ec85e780,0x00000000ee280000)
  from space 6656K, 90% used [0x00000000ee980000,0x00000000eef59f68,0x00000000ef000000)
  to   space 7168K, 0% used [0x00000000ee280000,0x00000000ee280000,0x00000000ee980000)
 ParOldGen       total 31232K, used 14105K [0x00000000c2400000, 0x00000000c4280000, 0x00000000eb700000)
  object space 31232K, 45% used [0x00000000c2400000,0x00000000c31c66d0,0x00000000c4280000)
 Metaspace       used 34664K, capacity 35266K, committed 35456K, reserved 1079296K
  class space    used 4723K, capacity 4924K, committed 4992K, reserved 1048576K
Event: 44.335 GC heap after
Heap after GC invocations=18 (full 1):
 PSYoungGen      total 51712K, used 1984K [0x00000000eb700000, 0x00000000f0000000, 0x0000000100000000)
  eden space 44544K, 0% used [0x00000000eb700000,0x00000000eb700000,0x00000000ee280000)
  from space 7168K, 27% used [0x00000000ee280000,0x00000000ee470000,0x00000000ee980000)
  to   space 7168K, 0% used [0x00000000ef900000,0x00000000ef900000,0x00000000f0000000)
 ParOldGen       total 31232K, used 18331K [0x00000000c2400000, 0x00000000c4280000, 0x00000000eb700000)
  object space 31232K, 58% used [0x00000000c2400000,0x00000000c35e6ee0,0x00000000c4280000)
 Metaspace       used 34664K, capacity 35266K, committed 35456K, reserved 1079296K
  class space    used 4723K, capacity 4924K, committed 4992K, reserved 1048576K
}
Event: 44.335 GC heap before
{Heap before GC invocations=19 (full 2):
 PSYoungGen      total 51712K, used 1984K [0x00000000eb700000, 0x00000000f0000000, 0x0000000100000000)
  eden space 44544K, 0% used [0x00000000eb700000,0x00000000eb700000,0x00000000ee280000)
  from space 7168K, 27% used [0x00000000ee280000,0x00000000ee470000,0x00000000ee980000)
  to   space 7168K, 0% used [0x00000000ef900000,0x00000000ef900000,0x00000000f0000000)
 ParOldGen       total 31232K, used 18331K [0x00000000c2400000, 0x00000000c4280000, 0x00000000eb700000)
  object space 31232K, 58% used [0x00000000c2400000,0x00000000c35e6ee0,0x00000000c4280000)
 Metaspace       used 34664K, capacity 35266K, committed 35456K, reserved 1079296K
  class space    used 4723K, capacity 4924K, committed 4992K, reserved 1048576K
Event: 44.546 GC heap after
Heap after GC invocations=19 (full 2):
 PSYoungGen      total 51712K, used 0K [0x00000000eb700000, 0x00000000f0000000, 0x0000000100000000)
  eden space 44544K, 0% used [0x00000000eb700000,0x00000000eb700000,0x00000000ee280000)
  from space 7168K, 0% used [0x00000000ee280000,0x00000000ee280000,0x00000000ee980000)
  to   space 7168K, 0% used [0x00000000ef900000,0x00000000ef900000,0x00000000f0000000)
 ParOldGen       total 48128K, used 19130K [0x00000000c2400000, 0x00000000c5300000, 0x00000000eb700000)
  object space 48128K, 39% used [0x00000000c2400000,0x00000000c36aebf0,0x00000000c5300000)
 Metaspace       used 34664K, capacity 35266K, committed 35456K, reserved 1079296K
  class space    used 4723K, capacity 4924K, committed 4992K, reserved 1048576K
}

