# JRE version: Java(TM) SE Runtime Environment (8.0_60-b27) (build 1.8.0_60-b27)
# Java VM: Java HotSpot(TM) 64-Bit Server VM (25.60-b23 mixed mode windows-amd64 compressed oops)
Heap:
 PSYoungGen      total 22016K, used 19056K [0x00000000eb700000, 0x00000000ee100000, 0x0000000100000000)
  eden space 15360K, 96% used [0x00000000eb700000,0x00000000ec56cde0,0x00000000ec600000)
  from space 6656K, 64% used [0x00000000ec600000,0x00000000eca2f360,0x00000000ecc80000)
  to   space 6144K, 0% used [0x00000000edb00000,0x00000000edb00000,0x00000000ee100000)
 ParOldGen       total 42496K, used 7210K [0x00000000c2400000, 0x00000000c4d80000, 0x00000000eb700000)
  object space 42496K, 16% used [0x00000000c2400000,0x00000000c2b0a960,0x00000000c4d80000)
 Metaspace       used 20096K, capacity 20388K, committed 20608K, reserved 1067008K
  class space    used 2730K, capacity 2829K, committed 2944K, reserved 1048576K
GC Heap History (10 events):
Event: 22.511 GC heap before
{Heap before GC invocations=3 (full 0):
 PSYoungGen      total 18432K, used 18408K [0x00000000eb700000, 0x00000000ecb80000, 0x0000000100000000)
  eden space 15872K, 100% used [0x00000000eb700000,0x00000000ec680000,0x00000000ec680000)
  from space 2560K, 99% used [0x00000000ec900000,0x00000000ecb7a218,0x00000000ecb80000)
  to   space 2560K, 0% used [0x00000000ec680000,0x00000000ec680000,0x00000000ec900000)
 ParOldGen       total 42496K, used 1244K [0x00000000c2400000, 0x00000000c4d80000, 0x00000000eb700000)
  object space 42496K, 2% used [0x00000000c2400000,0x00000000c25373a8,0x00000000c4d80000)
 Metaspace       used 8719K, capacity 9004K, committed 9216K, reserved 1056768K
  class space    used 1161K, capacity 1256K, committed 1280K, reserved 1048576K
Event: 22.515 GC heap after
Heap after GC invocations=3 (full 0):
 PSYoungGen      total 18432K, used 2556K [0x00000000eb700000, 0x00000000ecb80000, 0x0000000100000000)
  eden space 15872K, 0% used [0x00000000eb700000,0x00000000eb700000,0x00000000ec680000)
  from space 2560K, 99% used [0x00000000ec680000,0x00000000ec8ff2b0,0x00000000ec900000)
  to   space 2560K, 0% used [0x00000000ec900000,0x00000000ec900000,0x00000000ecb80000)
 ParOldGen       total 42496K, used 1452K [0x00000000c2400000, 0x00000000c4d80000, 0x00000000eb700000)
  object space 42496K, 3% used [0x00000000c2400000,0x00000000c256b3a8,0x00000000c4d80000)
 Metaspace       used 8719K, capacity 9004K, committed 9216K, reserved 1056768K
  class space    used 1161K, capacity 1256K, committed 1280K, reserved 1048576K
}
Event: 23.053 GC heap before
{Heap before GC invocations=4 (full 0):
 PSYoungGen      total 18432K, used 18428K [0x00000000eb700000, 0x00000000ecb80000, 0x0000000100000000)
  eden space 15872K, 100% used [0x00000000eb700000,0x00000000ec680000,0x00000000ec680000)
  from space 2560K, 99% used [0x00000000ec680000,0x00000000ec8ff2b0,0x00000000ec900000)
  to   space 2560K, 0% used [0x00000000ec900000,0x00000000ec900000,0x00000000ecb80000)
 ParOldGen       total 42496K, used 1452K [0x00000000c2400000, 0x00000000c4d80000, 0x00000000eb700000)
  object space 42496K, 3% used [0x00000000c2400000,0x00000000c256b3a8,0x00000000c4d80000)
 Metaspace       used 10706K, capacity 10988K, committed 11136K, reserved 1058816K
  class space    used 1478K, capacity 1576K, committed 1664K, reserved 1048576K
Event: 23.059 GC heap after
Heap after GC invocations=4 (full 0):
 PSYoungGen      total 18432K, used 2528K [0x00000000eb700000, 0x00000000ecb80000, 0x0000000100000000)
  eden space 15872K, 0% used [0x00000000eb700000,0x00000000eb700000,0x00000000ec680000)
  from space 2560K, 98% used [0x00000000ec900000,0x00000000ecb78020,0x00000000ecb80000)
  to   space 2560K, 0% used [0x00000000ec680000,0x00000000ec680000,0x00000000ec900000)
 ParOldGen       total 42496K, used 3041K [0x00000000c2400000, 0x00000000c4d80000, 0x00000000eb700000)
  object space 42496K, 7% used [0x00000000c2400000,0x00000000c26f8578,0x00000000c4d80000)
 Metaspace       used 10706K, capacity 10988K, committed 11136K, reserved 1058816K
  class space    used 1478K, capacity 1576K, committed 1664K, reserved 1048576K
}
Event: 23.934 GC heap before
{Heap before GC invocations=5 (full 0):
 PSYoungGen      total 18432K, used 18400K [0x00000000eb700000, 0x00000000ecb80000, 0x0000000100000000)
  eden space 15872K, 100% used [0x00000000eb700000,0x00000000ec680000,0x00000000ec680000)
  from space 2560K, 98% used [0x00000000ec900000,0x00000000ecb78020,0x00000000ecb80000)
  to   space 2560K, 0% used [0x00000000ec680000,0x00000000ec680000,0x00000000ec900000)
 ParOldGen       total 42496K, used 3041K [0x00000000c2400000, 0x00000000c4d80000, 0x00000000eb700000)
  object space 42496K, 7% used [0x00000000c2400000,0x00000000c26f8578,0x00000000c4d80000)
 Metaspace       used 14668K, capacity 14924K, committed 15232K, reserved 1062912K
  class space    used 1966K, capacity 2056K, committed 2176K, reserved 1048576K
Event: 23.950 GC heap after
Heap after GC invocations=5 (full 0):
 PSYoungGen      total 18432K, used 2544K [0x00000000eb700000, 0x00000000ed280000, 0x0000000100000000)
  eden space 15872K, 0% used [0x00000000eb700000,0x00000000eb700000,0x00000000ec680000)
  from space 2560K, 99% used [0x00000000ec680000,0x00000000ec8fc010,0x00000000ec900000)
  to   space 6144K, 0% used [0x00000000ecc80000,0x00000000ecc80000,0x00000000ed280000)
 ParOldGen       total 42496K, used 6550K [0x00000000c2400000, 0x00000000c4d80000, 0x00000000eb700000)
  object space 42496K, 15% used [0x00000000c2400000,0x00000000c2a658b0,0x00000000c4d80000)
 Metaspace       used 14668K, capacity 14924K, committed 15232K, reserved 1062912K
  class space    used 1966K, capacity 2056K, committed 2176K, reserved 1048576K
}
Event: 26.172 GC heap before
{Heap before GC invocations=6 (full 0):
 PSYoungGen      total 18432K, used 18416K [0x00000000eb700000, 0x00000000ed280000, 0x0000000100000000)
  eden space 15872K, 100% used [0x00000000eb700000,0x00000000ec680000,0x00000000ec680000)
  from space 2560K, 99% used [0x00000000ec680000,0x00000000ec8fc010,0x00000000ec900000)
  to   space 6144K, 0% used [0x00000000ecc80000,0x00000000ecc80000,0x00000000ed280000)
 ParOldGen       total 42496K, used 6550K [0x00000000c2400000, 0x00000000c4d80000, 0x00000000eb700000)
  object space 42496K, 15% used [0x00000000c2400000,0x00000000c2a658b0,0x00000000c4d80000)
 Metaspace       used 16930K, capacity 17208K, committed 17536K, reserved 1064960K
  class space    used 2319K, capacity 2410K, committed 2432K, reserved 1048576K
Event: 26.182 GC heap after
Heap after GC invocations=6 (full 0):
 PSYoungGen      total 21504K, used 5133K [0x00000000eb700000, 0x00000000ed380000, 0x0000000100000000)
  eden space 15360K, 0% used [0x00000000eb700000,0x00000000eb700000,0x00000000ec600000)
  from space 6144K, 83% used [0x00000000ecc80000,0x00000000ed183618,0x00000000ed280000)
  to   space 6656K, 0% used [0x00000000ec600000,0x00000000ec600000,0x00000000ecc80000)
 ParOldGen       total 42496K, used 6550K [0x00000000c2400000, 0x00000000c4d80000, 0x00000000eb700000)
  object space 42496K, 15% used [0x00000000c2400000,0x00000000c2a658b0,0x00000000c4d80000)
 Metaspace       used 16930K, capacity 17208K, committed 17536K, reserved 1064960K
  class space    used 2319K, capacity 2410K, committed 2432K, reserved 1048576K
}
Event: 26.867 GC heap before
{Heap before GC invocations=7 (full 0):
 PSYoungGen      total 21504K, used 20493K [0x00000000eb700000, 0x00000000ed380000, 0x0000000100000000)
  eden space 15360K, 100% used [0x00000000eb700000,0x00000000ec600000,0x00000000ec600000)
  from space 6144K, 83% used [0x00000000ecc80000,0x00000000ed183618,0x00000000ed280000)
  to   space 6656K, 0% used [0x00000000ec600000,0x00000000ec600000,0x00000000ecc80000)
 ParOldGen       total 42496K, used 6550K [0x00000000c2400000, 0x00000000c4d80000, 0x00000000eb700000)
  object space 42496K, 15% used [0x00000000c2400000,0x00000000c2a658b0,0x00000000c4d80000)
 Metaspace       used 18357K, capacity 18596K, committed 18944K, reserved 1064960K
  class space    used 2439K, capacity 2509K, committed 2560K, reserved 1048576K
Event: 26.908 GC heap after
Heap after GC invocations=7 (full 0):
 PSYoungGen      total 22016K, used 4284K [0x00000000eb700000, 0x00000000ee100000, 0x0000000100000000)
  eden space 15360K, 0% used [0x00000000eb700000,0x00000000eb700000,0x00000000ec600000)
  from space 6656K, 64% used [0x00000000ec600000,0x00000000eca2f360,0x00000000ecc80000)
  to   space 6144K, 0% used [0x00000000edb00000,0x00000000edb00000,0x00000000ee100000)
 ParOldGen       total 42496K, used 7210K [0x00000000c2400000, 0x00000000c4d80000, 0x00000000eb700000)
  object space 42496K, 16% used [0x00000000c2400000,0x00000000c2b0a960,0x00000000c4d80000)
 Metaspace       used 18357K, capacity 18596K, committed 18944K, reserved 1064960K
  class space    used 2439K, capacity 2509K, committed 2560K, reserved 1048576K
}

