# JRE version: Java(TM) SE Runtime Environment (8.0_60-b27) (build 1.8.0_60-b27)
# Java VM: Java HotSpot(TM) 64-Bit Server VM (25.60-b23 mixed mode windows-amd64 compressed oops)
Heap:
 PSYoungGen      total 92160K, used 5000K [0x00000000eb700000, 0x00000000f1880000, 0x0000000100000000)
  eden space 85504K, 0% used [0x00000000eb700000,0x00000000eb700000,0x00000000f0a80000)
  from space 6656K, 75% used [0x00000000f1200000,0x00000000f16e2360,0x00000000f1880000)
  to   space 7168K, 0% used [0x00000000f0a80000,0x00000000f0a80000,0x00000000f1180000)
 ParOldGen       total 31232K, used 15575K [0x00000000c2400000, 0x00000000c4280000, 0x00000000eb700000)
  object space 31232K, 49% used [0x00000000c2400000,0x00000000c3335cb0,0x00000000c4280000)
 Metaspace       used 34650K, capacity 35210K, committed 35456K, reserved 1079296K
  class space    used 4718K, capacity 4924K, committed 4992K, reserved 1048576K
GC Heap History (10 events):
Event: 29.632 GC heap before
{Heap before GC invocations=10 (full 1):
 PSYoungGen      total 36864K, used 2640K [0x00000000eb700000, 0x00000000ef380000, 0x0000000100000000)
  eden space 30208K, 0% used [0x00000000eb700000,0x00000000eb700000,0x00000000ed480000)
  from space 6656K, 39% used [0x00000000ed480000,0x00000000ed7143a8,0x00000000edb00000)
  to   space 6656K, 0% used [0x00000000eed00000,0x00000000eed00000,0x00000000ef380000)
 ParOldGen       total 42496K, used 9651K [0x00000000c2400000, 0x00000000c4d80000, 0x00000000eb700000)
  object space 42496K, 22% used [0x00000000c2400000,0x00000000c2d6cea8,0x00000000c4d80000)
 Metaspace       used 20919K, capacity 21164K, committed 21296K, reserved 1067008K
  class space    used 2869K, capacity 2935K, committed 2944K, reserved 1048576K
Event: 29.831 GC heap after
Heap after GC invocations=10 (full 1):
 PSYoungGen      total 36864K, used 0K [0x00000000eb700000, 0x00000000ef380000, 0x0000000100000000)
  eden space 30208K, 0% used [0x00000000eb700000,0x00000000eb700000,0x00000000ed480000)
  from space 6656K, 0% used [0x00000000ed480000,0x00000000ed480000,0x00000000edb00000)
  to   space 6656K, 0% used [0x00000000eed00000,0x00000000eed00000,0x00000000ef380000)
 ParOldGen       total 31232K, used 7897K [0x00000000c2400000, 0x00000000c4280000, 0x00000000eb700000)
  object space 31232K, 25% used [0x00000000c2400000,0x00000000c2bb6720,0x00000000c4280000)
 Metaspace       used 20919K, capacity 21164K, committed 21296K, reserved 1067008K
  class space    used 2869K, capacity 2935K, committed 2944K, reserved 1048576K
}
Event: 31.272 GC heap before
{Heap before GC invocations=11 (full 1):
 PSYoungGen      total 36864K, used 30208K [0x00000000eb700000, 0x00000000ef380000, 0x0000000100000000)
  eden space 30208K, 100% used [0x00000000eb700000,0x00000000ed480000,0x00000000ed480000)
  from space 6656K, 0% used [0x00000000ed480000,0x00000000ed480000,0x00000000edb00000)
  to   space 6656K, 0% used [0x00000000eed00000,0x00000000eed00000,0x00000000ef380000)
 ParOldGen       total 31232K, used 7897K [0x00000000c2400000, 0x00000000c4280000, 0x00000000eb700000)
  object space 31232K, 25% used [0x00000000c2400000,0x00000000c2bb6720,0x00000000c4280000)
 Metaspace       used 23178K, capacity 23458K, committed 23680K, reserved 1069056K
  class space    used 3242K, capacity 3355K, committed 3456K, reserved 1048576K
Event: 31.279 GC heap after
Heap after GC invocations=11 (full 1):
 PSYoungGen      total 47104K, used 3205K [0x00000000eb700000, 0x00000000ef080000, 0x0000000100000000)
  eden space 43520K, 0% used [0x00000000eb700000,0x00000000eb700000,0x00000000ee180000)
  from space 3584K, 89% used [0x00000000eed00000,0x00000000ef021670,0x00000000ef080000)
  to   space 6656K, 0% used [0x00000000ee380000,0x00000000ee380000,0x00000000eea00000)
 ParOldGen       total 31232K, used 7897K [0x00000000c2400000, 0x00000000c4280000, 0x00000000eb700000)
  object space 31232K, 25% used [0x00000000c2400000,0x00000000c2bb6720,0x00000000c4280000)
 Metaspace       used 23178K, capacity 23458K, committed 23680K, reserved 1069056K
  class space    used 3242K, capacity 3355K, committed 3456K, reserved 1048576K
}
Event: 33.260 GC heap before
{Heap before GC invocations=12 (full 1):
 PSYoungGen      total 47104K, used 46725K [0x00000000eb700000, 0x00000000ef080000, 0x0000000100000000)
  eden space 43520K, 100% used [0x00000000eb700000,0x00000000ee180000,0x00000000ee180000)
  from space 3584K, 89% used [0x00000000eed00000,0x00000000ef021670,0x00000000ef080000)
  to   space 6656K, 0% used [0x00000000ee380000,0x00000000ee380000,0x00000000eea00000)
 ParOldGen       total 31232K, used 7897K [0x00000000c2400000, 0x00000000c4280000, 0x00000000eb700000)
  object space 31232K, 25% used [0x00000000c2400000,0x00000000c2bb6720,0x00000000c4280000)
 Metaspace       used 26051K, capacity 26444K, committed 26880K, reserved 1073152K
  class space    used 3623K, capacity 3752K, committed 3840K, reserved 1048576K
Event: 33.272 GC heap after
Heap after GC invocations=12 (full 1):
 PSYoungGen      total 52224K, used 3759K [0x00000000eb700000, 0x00000000f0000000, 0x0000000100000000)
  eden space 45568K, 0% used [0x00000000eb700000,0x00000000eb700000,0x00000000ee380000)
  from space 6656K, 56% used [0x00000000ee380000,0x00000000ee72bdd0,0x00000000eea00000)
  to   space 6656K, 0% used [0x00000000ef980000,0x00000000ef980000,0x00000000f0000000)
 ParOldGen       total 31232K, used 9002K [0x00000000c2400000, 0x00000000c4280000, 0x00000000eb700000)
  object space 31232K, 28% used [0x00000000c2400000,0x00000000c2ccab40,0x00000000c4280000)
 Metaspace       used 26051K, capacity 26444K, committed 26880K, reserved 1073152K
  class space    used 3623K, capacity 3752K, committed 3840K, reserved 1048576K
}
Event: 41.439 GC heap before
{Heap before GC invocations=13 (full 1):
 PSYoungGen      total 52224K, used 49327K [0x00000000eb700000, 0x00000000f0000000, 0x0000000100000000)
  eden space 45568K, 100% used [0x00000000eb700000,0x00000000ee380000,0x00000000ee380000)
  from space 6656K, 56% used [0x00000000ee380000,0x00000000ee72bdd0,0x00000000eea00000)
  to   space 6656K, 0% used [0x00000000ef980000,0x00000000ef980000,0x00000000f0000000)
 ParOldGen       total 31232K, used 9002K [0x00000000c2400000, 0x00000000c4280000, 0x00000000eb700000)
  object space 31232K, 28% used [0x00000000c2400000,0x00000000c2ccab40,0x00000000c4280000)
 Metaspace       used 30304K, capacity 30800K, committed 30976K, reserved 1075200K
  class space    used 4141K, capacity 4313K, committed 4352K, reserved 1048576K
Event: 41.450 GC heap after
Heap after GC invocations=13 (full 1):
 PSYoungGen      total 68096K, used 5212K [0x00000000eb700000, 0x00000000f0100000, 0x0000000100000000)
  eden space 61440K, 0% used [0x00000000eb700000,0x00000000eb700000,0x00000000ef300000)
  from space 6656K, 78% used [0x00000000ef980000,0x00000000efe97250,0x00000000f0000000)
  to   space 6656K, 0% used [0x00000000ef300000,0x00000000ef300000,0x00000000ef980000)
 ParOldGen       total 31232K, used 10266K [0x00000000c2400000, 0x00000000c4280000, 0x00000000eb700000)
  object space 31232K, 32% used [0x00000000c2400000,0x00000000c2e06b50,0x00000000c4280000)
 Metaspace       used 30304K, capacity 30800K, committed 30976K, reserved 1075200K
  class space    used 4141K, capacity 4313K, committed 4352K, reserved 1048576K
}
Event: 43.096 GC heap before
{Heap before GC invocations=14 (full 1):
 PSYoungGen      total 68096K, used 66652K [0x00000000eb700000, 0x00000000f0100000, 0x0000000100000000)
  eden space 61440K, 100% used [0x00000000eb700000,0x00000000ef300000,0x00000000ef300000)
  from space 6656K, 78% used [0x00000000ef980000,0x00000000efe97250,0x00000000f0000000)
  to   space 6656K, 0% used [0x00000000ef300000,0x00000000ef300000,0x00000000ef980000)
 ParOldGen       total 31232K, used 10266K [0x00000000c2400000, 0x00000000c4280000, 0x00000000eb700000)
  object space 31232K, 32% used [0x00000000c2400000,0x00000000c2e06b50,0x00000000c4280000)
 Metaspace       used 34065K, capacity 34612K, committed 35072K, reserved 1079296K
  class space    used 4623K, capacity 4767K, committed 4864K, reserved 1048576K
Event: 43.131 GC heap after
Heap after GC invocations=14 (full 1):
 PSYoungGen      total 68096K, used 5331K [0x00000000eb700000, 0x00000000f1900000, 0x0000000100000000)
  eden space 61440K, 0% used [0x00000000eb700000,0x00000000eb700000,0x00000000ef300000)
  from space 6656K, 80% used [0x00000000ef300000,0x00000000ef834e28,0x00000000ef980000)
  to   space 7168K, 0% used [0x00000000f1200000,0x00000000f1200000,0x00000000f1900000)
 ParOldGen       total 31232K, used 12746K [0x00000000c2400000, 0x00000000c4280000, 0x00000000eb700000)
  object space 31232K, 40% used [0x00000000c2400000,0x00000000c3072918,0x00000000c4280000)
 Metaspace       used 34065K, capacity 34612K, committed 35072K, reserved 1079296K
  class space    used 4623K, capacity 4767K, committed 4864K, reserved 1048576K
}

