# JRE version: Java(TM) SE Runtime Environment (8.0_60-b27) (build 1.8.0_60-b27)
# Java VM: Java HotSpot(TM) 64-Bit Server VM (25.60-b23 mixed mode windows-amd64 compressed oops)
Heap:
 PSYoungGen      total 85504K, used 68297K [0x00000000eb700000, 0x00000000f2c00000, 0x0000000100000000)
  eden space 77824K, 78% used [0x00000000eb700000,0x00000000ef2db540,0x00000000f0300000)
  from space 7680K, 91% used [0x00000000f0300000,0x00000000f09d7210,0x00000000f0a80000)
  to   space 8704K, 0% used [0x00000000f2380000,0x00000000f2380000,0x00000000f2c00000)
 ParOldGen       total 47104K, used 21083K [0x00000000c2400000, 0x00000000c5200000, 0x00000000eb700000)
  object space 47104K, 44% used [0x00000000c2400000,0x00000000c3896c70,0x00000000c5200000)
 Metaspace       used 48742K, capacity 49962K, committed 50048K, reserved 1091584K
  class space    used 6681K, capacity 6990K, committed 7040K, reserved 1048576K
GC Heap History (10 events):
Event: 53.980 GC heap before
{Heap before GC invocations=17 (full 1):
 PSYoungGen      total 50176K, used 46612K [0x00000000eb700000, 0x00000000efd80000, 0x0000000100000000)
  eden space 43520K, 100% used [0x00000000eb700000,0x00000000ee180000,0x00000000ee180000)
  from space 6656K, 46% used [0x00000000ee180000,0x00000000ee485078,0x00000000ee800000)
  to   space 6656K, 0% used [0x00000000ef700000,0x00000000ef700000,0x00000000efd80000)
 ParOldGen       total 33280K, used 14519K [0x00000000c2400000, 0x00000000c4480000, 0x00000000eb700000)
  object space 33280K, 43% used [0x00000000c2400000,0x00000000c322dff0,0x00000000c4480000)
 Metaspace       used 34620K, capacity 35202K, committed 35456K, reserved 1079296K
  class space    used 4720K, capacity 4924K, committed 4992K, reserved 1048576K
Event: 54.000 GC heap after
Heap after GC invocations=17 (full 1):
 PSYoungGen      total 65024K, used 6506K [0x00000000eb700000, 0x00000000eff00000, 0x0000000100000000)
  eden space 58368K, 0% used [0x00000000eb700000,0x00000000eb700000,0x00000000ef000000)
  from space 6656K, 97% used [0x00000000ef700000,0x00000000efd5aa88,0x00000000efd80000)
  to   space 7168K, 0% used [0x00000000ef000000,0x00000000ef000000,0x00000000ef700000)
 ParOldGen       total 33280K, used 16311K [0x00000000c2400000, 0x00000000c4480000, 0x00000000eb700000)
  object space 33280K, 49% used [0x00000000c2400000,0x00000000c33edff0,0x00000000c4480000)
 Metaspace       used 34620K, capacity 35202K, committed 35456K, reserved 1079296K
  class space    used 4720K, capacity 4924K, committed 4992K, reserved 1048576K
}
Event: 54.096 GC heap before
{Heap before GC invocations=18 (full 1):
 PSYoungGen      total 65024K, used 13496K [0x00000000eb700000, 0x00000000eff00000, 0x0000000100000000)
  eden space 58368K, 11% used [0x00000000eb700000,0x00000000ebdd37f0,0x00000000ef000000)
  from space 6656K, 97% used [0x00000000ef700000,0x00000000efd5aa88,0x00000000efd80000)
  to   space 7168K, 0% used [0x00000000ef000000,0x00000000ef000000,0x00000000ef700000)
 ParOldGen       total 33280K, used 16311K [0x00000000c2400000, 0x00000000c4480000, 0x00000000eb700000)
  object space 33280K, 49% used [0x00000000c2400000,0x00000000c33edff0,0x00000000c4480000)
 Metaspace       used 34749K, capacity 35266K, committed 35456K, reserved 1079296K
  class space    used 4742K, capacity 4924K, committed 4992K, reserved 1048576K
Event: 54.117 GC heap after
Heap after GC invocations=18 (full 1):
 PSYoungGen      total 65536K, used 532K [0x00000000eb700000, 0x00000000f1400000, 0x0000000100000000)
  eden space 58368K, 0% used [0x00000000eb700000,0x00000000eb700000,0x00000000ef000000)
  from space 7168K, 7% used [0x00000000ef000000,0x00000000ef085008,0x00000000ef700000)
  to   space 7680K, 0% used [0x00000000f0c80000,0x00000000f0c80000,0x00000000f1400000)
 ParOldGen       total 33280K, used 21631K [0x00000000c2400000, 0x00000000c4480000, 0x00000000eb700000)
  object space 33280K, 64% used [0x00000000c2400000,0x00000000c391fc30,0x00000000c4480000)
 Metaspace       used 34749K, capacity 35266K, committed 35456K, reserved 1079296K
  class space    used 4742K, capacity 4924K, committed 4992K, reserved 1048576K
}
Event: 54.117 GC heap before
{Heap before GC invocations=19 (full 2):
 PSYoungGen      total 65536K, used 532K [0x00000000eb700000, 0x00000000f1400000, 0x0000000100000000)
  eden space 58368K, 0% used [0x00000000eb700000,0x00000000eb700000,0x00000000ef000000)
  from space 7168K, 7% used [0x00000000ef000000,0x00000000ef085008,0x00000000ef700000)
  to   space 7680K, 0% used [0x00000000f0c80000,0x00000000f0c80000,0x00000000f1400000)
 ParOldGen       total 33280K, used 21631K [0x00000000c2400000, 0x00000000c4480000, 0x00000000eb700000)
  object space 33280K, 64% used [0x00000000c2400000,0x00000000c391fc30,0x00000000c4480000)
 Metaspace       used 34749K, capacity 35266K, committed 35456K, reserved 1079296K
  class space    used 4742K, capacity 4924K, committed 4992K, reserved 1048576K
Event: 54.339 GC heap after
Heap after GC invocations=19 (full 2):
 PSYoungGen      total 65536K, used 0K [0x00000000eb700000, 0x00000000f1400000, 0x0000000100000000)
  eden space 58368K, 0% used [0x00000000eb700000,0x00000000eb700000,0x00000000ef000000)
  from space 7168K, 0% used [0x00000000ef000000,0x00000000ef000000,0x00000000ef700000)
  to   space 7680K, 0% used [0x00000000f0c80000,0x00000000f0c80000,0x00000000f1400000)
 ParOldGen       total 47104K, used 19267K [0x00000000c2400000, 0x00000000c5200000, 0x00000000eb700000)
  object space 47104K, 40% used [0x00000000c2400000,0x00000000c36d0f38,0x00000000c5200000)
 Metaspace       used 34749K, capacity 35266K, committed 35456K, reserved 1079296K
  class space    used 4742K, capacity 4924K, committed 4992K, reserved 1048576K
}
Event: 59.800 GC heap before
{Heap before GC invocations=20 (full 2):
 PSYoungGen      total 65536K, used 58368K [0x00000000eb700000, 0x00000000f1400000, 0x0000000100000000)
  eden space 58368K, 100% used [0x00000000eb700000,0x00000000ef000000,0x00000000ef000000)
  from space 7168K, 0% used [0x00000000ef000000,0x00000000ef000000,0x00000000ef700000)
  to   space 7680K, 0% used [0x00000000f0c80000,0x00000000f0c80000,0x00000000f1400000)
 ParOldGen       total 47104K, used 19267K [0x00000000c2400000, 0x00000000c5200000, 0x00000000eb700000)
  object space 47104K, 40% used [0x00000000c2400000,0x00000000c36d0f38,0x00000000c5200000)
 Metaspace       used 40660K, capacity 41322K, committed 41600K, reserved 1085440K
  class space    used 5529K, capacity 5760K, committed 5760K, reserved 1048576K
Event: 59.808 GC heap after
Heap after GC invocations=20 (full 2):
 PSYoungGen      total 83456K, used 4552K [0x00000000eb700000, 0x00000000f1200000, 0x0000000100000000)
  eden space 77824K, 0% used [0x00000000eb700000,0x00000000eb700000,0x00000000f0300000)
  from space 5632K, 80% used [0x00000000f0c80000,0x00000000f10f2060,0x00000000f1200000)
  to   space 7680K, 0% used [0x00000000f0300000,0x00000000f0300000,0x00000000f0a80000)
 ParOldGen       total 47104K, used 19339K [0x00000000c2400000, 0x00000000c5200000, 0x00000000eb700000)
  object space 47104K, 41% used [0x00000000c2400000,0x00000000c36e2f48,0x00000000c5200000)
 Metaspace       used 40660K, capacity 41322K, committed 41600K, reserved 1085440K
  class space    used 5529K, capacity 5760K, committed 5760K, reserved 1048576K
}
Event: 65.566 GC heap before
{Heap before GC invocations=21 (full 2):
 PSYoungGen      total 83456K, used 82376K [0x00000000eb700000, 0x00000000f1200000, 0x0000000100000000)
  eden space 77824K, 100% used [0x00000000eb700000,0x00000000f0300000,0x00000000f0300000)
  from space 5632K, 80% used [0x00000000f0c80000,0x00000000f10f2060,0x00000000f1200000)
  to   space 7680K, 0% used [0x00000000f0300000,0x00000000f0300000,0x00000000f0a80000)
 ParOldGen       total 47104K, used 19339K [0x00000000c2400000, 0x00000000c5200000, 0x00000000eb700000)
  object space 47104K, 41% used [0x00000000c2400000,0x00000000c36e2f48,0x00000000c5200000)
 Metaspace       used 44266K, capacity 45224K, committed 45312K, reserved 1087488K
  class space    used 6060K, capacity 6355K, committed 6400K, reserved 1048576K
Event: 65.586 GC heap after
Heap after GC invocations=21 (full 2):
 PSYoungGen      total 85504K, used 7004K [0x00000000eb700000, 0x00000000f2c00000, 0x0000000100000000)
  eden space 77824K, 0% used [0x00000000eb700000,0x00000000eb700000,0x00000000f0300000)
  from space 7680K, 91% used [0x00000000f0300000,0x00000000f09d7210,0x00000000f0a80000)
  to   space 8704K, 0% used [0x00000000f2380000,0x00000000f2380000,0x00000000f2c00000)
 ParOldGen       total 47104K, used 21083K [0x00000000c2400000, 0x00000000c5200000, 0x00000000eb700000)
  object space 47104K, 44% used [0x00000000c2400000,0x00000000c3896c70,0x00000000c5200000)
 Metaspace       used 44266K, capacity 45224K, committed 45312K, reserved 1087488K
  class space    used 6060K, capacity 6355K, committed 6400K, reserved 1048576K
}

