# JRE version: Java(TM) SE Runtime Environment (8.0_60-b27) (build 1.8.0_60-b27)
# Java VM: Java HotSpot(TM) 64-Bit Server VM (25.60-b23 mixed mode windows-amd64 compressed oops)
Heap:
 PSYoungGen      total 37376K, used 22841K [0x00000000eb700000, 0x00000000ef100000, 0x0000000100000000)
  eden space 30720K, 67% used [0x00000000eb700000,0x00000000ecb5ecc0,0x00000000ed500000)
  from space 6656K, 29% used [0x00000000ed500000,0x00000000ed6ef848,0x00000000edb80000)
  to   space 6656K, 0% used [0x00000000eea80000,0x00000000eea80000,0x00000000ef100000)
 ParOldGen       total 31232K, used 12831K [0x00000000c2400000, 0x00000000c4280000, 0x00000000eb700000)
  object space 31232K, 41% used [0x00000000c2400000,0x00000000c3087cc8,0x00000000c4280000)
 Metaspace       used 33259K, capacity 33804K, committed 34176K, reserved 1079296K
  class space    used 4531K, capacity 4671K, committed 4736K, reserved 1048576K
GC Heap History (10 events):
Event: 29.047 GC heap before
{Heap before GC invocations=12 (full 1):
 PSYoungGen      total 27648K, used 23696K [0x00000000eb700000, 0x00000000eda80000, 0x0000000100000000)
  eden space 22016K, 100% used [0x00000000eb700000,0x00000000ecc80000,0x00000000ecc80000)
  from space 5632K, 29% used [0x00000000ed500000,0x00000000ed6a41e0,0x00000000eda80000)
  to   space 7168K, 0% used [0x00000000ecc80000,0x00000000ecc80000,0x00000000ed380000)
 ParOldGen       total 31232K, used 7859K [0x00000000c2400000, 0x00000000c4280000, 0x00000000eb700000)
  object space 31232K, 25% used [0x00000000c2400000,0x00000000c2bacec0,0x00000000c4280000)
 Metaspace       used 23708K, capacity 23994K, committed 24192K, reserved 1071104K
  class space    used 3327K, capacity 3451K, committed 3456K, reserved 1048576K
Event: 29.052 GC heap after
Heap after GC invocations=12 (full 1):
 PSYoungGen      total 29184K, used 2227K [0x00000000eb700000, 0x00000000ee480000, 0x0000000100000000)
  eden space 22016K, 0% used [0x00000000eb700000,0x00000000eb700000,0x00000000ecc80000)
  from space 7168K, 31% used [0x00000000ecc80000,0x00000000eceacc08,0x00000000ed380000)
  to   space 7168K, 0% used [0x00000000edd80000,0x00000000edd80000,0x00000000ee480000)
 ParOldGen       total 31232K, used 8623K [0x00000000c2400000, 0x00000000c4280000, 0x00000000eb700000)
  object space 31232K, 27% used [0x00000000c2400000,0x00000000c2c6bed0,0x00000000c4280000)
 Metaspace       used 23708K, capacity 23994K, committed 24192K, reserved 1071104K
  class space    used 3327K, capacity 3451K, committed 3456K, reserved 1048576K
}
Event: 30.189 GC heap before
{Heap before GC invocations=13 (full 1):
 PSYoungGen      total 29184K, used 24243K [0x00000000eb700000, 0x00000000ee480000, 0x0000000100000000)
  eden space 22016K, 100% used [0x00000000eb700000,0x00000000ecc80000,0x00000000ecc80000)
  from space 7168K, 31% used [0x00000000ecc80000,0x00000000eceacc08,0x00000000ed380000)
  to   space 7168K, 0% used [0x00000000edd80000,0x00000000edd80000,0x00000000ee480000)
 ParOldGen       total 31232K, used 8623K [0x00000000c2400000, 0x00000000c4280000, 0x00000000eb700000)
  object space 31232K, 27% used [0x00000000c2400000,0x00000000c2c6bed0,0x00000000c4280000)
 Metaspace       used 25668K, capacity 25996K, committed 26368K, reserved 1071104K
  class space    used 3609K, capacity 3716K, committed 3840K, reserved 1048576K
Event: 30.193 GC heap after
Heap after GC invocations=13 (full 1):
 PSYoungGen      total 37376K, used 2141K [0x00000000eb700000, 0x00000000ee300000, 0x0000000100000000)
  eden space 31744K, 0% used [0x00000000eb700000,0x00000000eb700000,0x00000000ed600000)
  from space 5632K, 38% used [0x00000000edd80000,0x00000000edf976e0,0x00000000ee300000)
  to   space 6656K, 0% used [0x00000000ed600000,0x00000000ed600000,0x00000000edc80000)
 ParOldGen       total 31232K, used 9095K [0x00000000c2400000, 0x00000000c4280000, 0x00000000eb700000)
  object space 31232K, 29% used [0x00000000c2400000,0x00000000c2ce1ed0,0x00000000c4280000)
 Metaspace       used 25668K, capacity 25996K, committed 26368K, reserved 1071104K
  class space    used 3609K, capacity 3716K, committed 3840K, reserved 1048576K
}
Event: 39.029 GC heap before
{Heap before GC invocations=14 (full 1):
 PSYoungGen      total 37376K, used 33885K [0x00000000eb700000, 0x00000000ee300000, 0x0000000100000000)
  eden space 31744K, 100% used [0x00000000eb700000,0x00000000ed600000,0x00000000ed600000)
  from space 5632K, 38% used [0x00000000edd80000,0x00000000edf976e0,0x00000000ee300000)
  to   space 6656K, 0% used [0x00000000ed600000,0x00000000ed600000,0x00000000edc80000)
 ParOldGen       total 31232K, used 9095K [0x00000000c2400000, 0x00000000c4280000, 0x00000000eb700000)
  object space 31232K, 29% used [0x00000000c2400000,0x00000000c2ce1ed0,0x00000000c4280000)
 Metaspace       used 26454K, capacity 26864K, committed 27136K, reserved 1073152K
  class space    used 3665K, capacity 3788K, committed 3840K, reserved 1048576K
Event: 39.035 GC heap after
Heap after GC invocations=14 (full 1):
 PSYoungGen      total 33792K, used 2496K [0x00000000eb700000, 0x00000000ee280000, 0x0000000100000000)
  eden space 31232K, 0% used [0x00000000eb700000,0x00000000eb700000,0x00000000ed580000)
  from space 2560K, 97% used [0x00000000ed600000,0x00000000ed870000,0x00000000ed880000)
  to   space 6656K, 0% used [0x00000000edc00000,0x00000000edc00000,0x00000000ee280000)
 ParOldGen       total 31232K, used 9463K [0x00000000c2400000, 0x00000000c4280000, 0x00000000eb700000)
  object space 31232K, 30% used [0x00000000c2400000,0x00000000c2d3dee0,0x00000000c4280000)
 Metaspace       used 26454K, capacity 26864K, committed 27136K, reserved 1073152K
  class space    used 3665K, capacity 3788K, committed 3840K, reserved 1048576K
}
Event: 41.099 GC heap before
{Heap before GC invocations=15 (full 1):
 PSYoungGen      total 33792K, used 33728K [0x00000000eb700000, 0x00000000ee280000, 0x0000000100000000)
  eden space 31232K, 100% used [0x00000000eb700000,0x00000000ed580000,0x00000000ed580000)
  from space 2560K, 97% used [0x00000000ed600000,0x00000000ed870000,0x00000000ed880000)
  to   space 6656K, 0% used [0x00000000edc00000,0x00000000edc00000,0x00000000ee280000)
 ParOldGen       total 31232K, used 9463K [0x00000000c2400000, 0x00000000c4280000, 0x00000000eb700000)
  object space 31232K, 30% used [0x00000000c2400000,0x00000000c2d3dee0,0x00000000c4280000)
 Metaspace       used 30458K, capacity 30920K, committed 31104K, reserved 1075200K
  class space    used 4170K, capacity 4377K, committed 4480K, reserved 1048576K
Event: 41.108 GC heap after
Heap after GC invocations=15 (full 1):
 PSYoungGen      total 36864K, used 4004K [0x00000000eb700000, 0x00000000ee200000, 0x0000000100000000)
  eden space 30720K, 0% used [0x00000000eb700000,0x00000000eb700000,0x00000000ed500000)
  from space 6144K, 65% used [0x00000000edc00000,0x00000000edfe9048,0x00000000ee200000)
  to   space 6656K, 0% used [0x00000000ed500000,0x00000000ed500000,0x00000000edb80000)
 ParOldGen       total 31232K, used 11447K [0x00000000c2400000, 0x00000000c4280000, 0x00000000eb700000)
  object space 31232K, 36% used [0x00000000c2400000,0x00000000c2f2df00,0x00000000c4280000)
 Metaspace       used 30458K, capacity 30920K, committed 31104K, reserved 1075200K
  class space    used 4170K, capacity 4377K, committed 4480K, reserved 1048576K
}
Event: 41.788 GC heap before
{Heap before GC invocations=16 (full 1):
 PSYoungGen      total 36864K, used 34724K [0x00000000eb700000, 0x00000000ee200000, 0x0000000100000000)
  eden space 30720K, 100% used [0x00000000eb700000,0x00000000ed500000,0x00000000ed500000)
  from space 6144K, 65% used [0x00000000edc00000,0x00000000edfe9048,0x00000000ee200000)
  to   space 6656K, 0% used [0x00000000ed500000,0x00000000ed500000,0x00000000edb80000)
 ParOldGen       total 31232K, used 11447K [0x00000000c2400000, 0x00000000c4280000, 0x00000000eb700000)
  object space 31232K, 36% used [0x00000000c2400000,0x00000000c2f2df00,0x00000000c4280000)
 Metaspace       used 31511K, capacity 31976K, committed 32128K, reserved 1077248K
  class space    used 4300K, capacity 4473K, committed 4480K, reserved 1048576K
Event: 41.817 GC heap after
Heap after GC invocations=16 (full 1):
 PSYoungGen      total 37376K, used 1982K [0x00000000eb700000, 0x00000000ef100000, 0x0000000100000000)
  eden space 30720K, 0% used [0x00000000eb700000,0x00000000eb700000,0x00000000ed500000)
  from space 6656K, 29% used [0x00000000ed500000,0x00000000ed6ef848,0x00000000edb80000)
  to   space 6656K, 0% used [0x00000000eea80000,0x00000000eea80000,0x00000000ef100000)
 ParOldGen       total 31232K, used 12831K [0x00000000c2400000, 0x00000000c4280000, 0x00000000eb700000)
  object space 31232K, 41% used [0x00000000c2400000,0x00000000c3087cc8,0x00000000c4280000)
 Metaspace       used 31511K, capacity 31976K, committed 32128K, reserved 1077248K
  class space    used 4300K, capacity 4473K, committed 4480K, reserved 1048576K
}

